# JRE version: OpenJDK Runtime Environment 21.9 (17.0.1+12) (build 17.0.1+12)
# Java VM: OpenJDK 64-Bit Server VM 21.9 (17.0.1+12, mixed mode, sharing, tiered, compressed oops, compressed class ptrs, g1 gc, linux-amd64)
GC Precious Log:
 CPUs: 2 total, 2 available
 Memory: 3914M
 Large Page Support: Disabled
 NUMA Support: Disabled
 Compressed Oops: Enabled (32-bit)
 Heap Region Size: 1M
 Heap Min Capacity: 8M
 Heap Initial Capacity: 62M
 Heap Max Capacity: 980M
 Pre-touch: Disabled
 Parallel Workers: 2
 Concurrent Workers: 1
 Concurrent Refinement Workers: 2
 Periodic GC: Disabled
Heap:
 garbage-first heap   total 157696K, used 33111K [0x00000000c2c00000, 0x0000000100000000)
  region size 1024K, 3 young (3072K), 2 survivors (2048K)
 Metaspace       used 60415K, committed 60800K, reserved 1105920K
  class space    used 8045K, committed 8192K, reserved 1048576K
GC Heap History (20 events):
Event: 27.268 GC heap before
{Heap before GC invocations=19 (full 0):
 garbage-first heap   total 75776K, used 59203K [0x00000000c2c00000, 0x0000000100000000)
  region size 1024K, 37 young (37888K), 1 survivors (1024K)
 Metaspace       used 50835K, committed 51200K, reserved 1097728K
  class space    used 6893K, committed 7104K, reserved 1048576K
}
Event: 27.285 GC heap after
{Heap after GC invocations=20 (full 0):
 garbage-first heap   total 75776K, used 25835K [0x00000000c2c00000, 0x0000000100000000)
  region size 1024K, 4 young (4096K), 4 survivors (4096K)
 Metaspace       used 50835K, committed 51200K, reserved 1097728K
  class space    used 6893K, committed 7104K, reserved 1048576K
}
Event: 28.799 GC heap before
{Heap before GC invocations=20 (full 0):
 garbage-first heap   total 75776K, used 58603K [0x00000000c2c00000, 0x0000000100000000)
  region size 1024K, 36 young (36864K), 4 survivors (4096K)
 Metaspace       used 53447K, committed 53824K, reserved 1097728K
  class space    used 7252K, committed 7424K, reserved 1048576K
}
Event: 28.837 GC heap after
{Heap after GC invocations=21 (full 0):
 garbage-first heap   total 75776K, used 29705K [0x00000000c2c00000, 0x0000000100000000)
  region size 1024K, 4 young (4096K), 4 survivors (4096K)
 Metaspace       used 53447K, committed 53824K, reserved 1097728K
  class space    used 7252K, committed 7424K, reserved 1048576K
}
Event: 1374.287 GC heap before
{Heap before GC invocations=21 (full 0):
 garbage-first heap   total 75776K, used 58377K [0x00000000c2c00000, 0x0000000100000000)
  region size 1024K, 32 young (32768K), 4 survivors (4096K)
 Metaspace       used 55055K, committed 55424K, reserved 1097728K
  class space    used 7429K, committed 7616K, reserved 1048576K
}
Event: 1374.760 GC heap after
{Heap after GC invocations=22 (full 0):
 garbage-first heap   total 157696K, used 32001K [0x00000000c2c00000, 0x0000000100000000)
  region size 1024K, 3 young (3072K), 3 survivors (3072K)
 Metaspace       used 55055K, committed 55424K, reserved 1097728K
  class space    used 7429K, committed 7616K, reserved 1048576K
}
Event: 2366.458 GC heap before
{Heap before GC invocations=22 (full 0):
 garbage-first heap   total 157696K, used 56577K [0x00000000c2c00000, 0x0000000100000000)
  region size 1024K, 28 young (28672K), 3 survivors (3072K)
 Metaspace       used 59934K, committed 60288K, reserved 1105920K
  class space    used 8045K, committed 8192K, reserved 1048576K
}
Event: 2366.830 GC heap after
{Heap after GC invocations=23 (full 0):
 garbage-first heap   total 157696K, used 33260K [0x00000000c2c00000, 0x0000000100000000)
  region size 1024K, 2 young (2048K), 2 survivors (2048K)
 Metaspace       used 59934K, committed 60288K, reserved 1105920K
  class space    used 8045K, committed 8192K, reserved 1048576K
}
Event: 5231.975 GC heap before
{Heap before GC invocations=23 (full 0):
 garbage-first heap   total 157696K, used 52716K [0x00000000c2c00000, 0x0000000100000000)
  region size 1024K, 21 young (21504K), 2 survivors (2048K)
 Metaspace       used 59985K, committed 60352K, reserved 1105920K
  class space    used 8045K, committed 8192K, reserved 1048576K
}
Event: 5232.105 GC heap after
{Heap after GC invocations=24 (full 0):
 garbage-first heap   total 157696K, used 33082K [0x00000000c2c00000, 0x0000000100000000)
  region size 1024K, 2 young (2048K), 2 survivors (2048K)
 Metaspace       used 59985K, committed 60352K, reserved 1105920K
  class space    used 8045K, committed 8192K, reserved 1048576K
}
Event: 10128.822 GC heap before
{Heap before GC invocations=24 (full 0):
 garbage-first heap   total 157696K, used 67898K [0x00000000c2c00000, 0x0000000100000000)
  region size 1024K, 36 young (36864K), 2 survivors (2048K)
 Metaspace       used 60033K, committed 60416K, reserved 1105920K
  class space    used 8045K, committed 8192K, reserved 1048576K
}
Event: 10128.942 GC heap after
{Heap after GC invocations=25 (full 0):
 garbage-first heap   total 157696K, used 33142K [0x00000000c2c00000, 0x0000000100000000)
  region size 1024K, 2 young (2048K), 2 survivors (2048K)
 Metaspace       used 60033K, committed 60416K, reserved 1105920K
  class space    used 8045K, committed 8192K, reserved 1048576K
}
Event: 18371.717 GC heap before
{Heap before GC invocations=25 (full 0):
 garbage-first heap   total 157696K, used 97654K [0x00000000c2c00000, 0x0000000100000000)
  region size 1024K, 65 young (66560K), 2 survivors (2048K)
 Metaspace       used 60100K, committed 60416K, reserved 1105920K
  class space    used 8045K, committed 8192K, reserved 1048576K
}
Event: 18372.049 GC heap after
{Heap after GC invocations=26 (full 0):
 garbage-first heap   total 157696K, used 33111K [0x00000000c2c00000, 0x0000000100000000)
  region size 1024K, 2 young (2048K), 2 survivors (2048K)
 Metaspace       used 60100K, committed 60416K, reserved 1105920K
  class space    used 8045K, committed 8192K, reserved 1048576K
}
Event: 29415.787 GC heap before
{Heap before GC invocations=26 (full 0):
 garbage-first heap   total 157696K, used 125271K [0x00000000c2c00000, 0x0000000100000000)
  region size 1024K, 92 young (94208K), 2 survivors (2048K)
 Metaspace       used 60234K, committed 60608K, reserved 1105920K
  class space    used 8045K, committed 8192K, reserved 1048576K
}
Event: 29416.043 GC heap after
{Heap after GC invocations=27 (full 0):
 garbage-first heap   total 157696K, used 33122K [0x00000000c2c00000, 0x0000000100000000)
  region size 1024K, 2 young (2048K), 2 survivors (2048K)
 Metaspace       used 60234K, committed 60608K, reserved 1105920K
  class space    used 8045K, committed 8192K, reserved 1048576K
}
Event: 40526.111 GC heap before
{Heap before GC invocations=27 (full 0):
 garbage-first heap   total 157696K, used 125282K [0x00000000c2c00000, 0x0000000100000000)
  region size 1024K, 92 young (94208K), 2 survivors (2048K)
 Metaspace       used 60305K, committed 60608K, reserved 1105920K
  class space    used 8045K, committed 8192K, reserved 1048576K
}
Event: 40526.344 GC heap after
{Heap after GC invocations=28 (full 0):
 garbage-first heap   total 157696K, used 33105K [0x00000000c2c00000, 0x0000000100000000)
  region size 1024K, 2 young (2048K), 2 survivors (2048K)
 Metaspace       used 60305K, committed 60608K, reserved 1105920K
  class space    used 8045K, committed 8192K, reserved 1048576K
}
Event: 44373.712 GC heap before
{Heap before GC invocations=28 (full 0):
 garbage-first heap   total 157696K, used 64849K [0x00000000c2c00000, 0x0000000100000000)
  region size 1024K, 34 young (34816K), 2 survivors (2048K)
 Metaspace       used 60387K, committed 60736K, reserved 1105920K
  class space    used 8045K, committed 8192K, reserved 1048576K
}
Event: 44373.775 GC heap after
{Heap after GC invocations=29 (full 0):
 garbage-first heap   total 157696K, used 33111K [0x00000000c2c00000, 0x0000000100000000)
  region size 1024K, 2 young (2048K), 2 survivors (2048K)
 Metaspace       used 60387K, committed 60736K, reserved 1105920K
  class space    used 8045K, committed 8192K, reserved 1048576K
}

